
> @coreui/coreui-free-react-admin-template@5.6.0 start
> vite --host 127.0.0.1

[2m6:04:56 PM[22m [36m[1m[vite][22m[39m [90m[2m(client)[22m[39m Re-optimizing dependencies because vite config has changed

  [32m[1mVITE[22m v8.0.10[39m  [2mready in [0m[1m495[22m[2m[0m ms[22m

  [32m➜[39m  [1mLocal[22m:   [36mhttp://127.0.0.1:[1m3000[22m/[39m
[2m6:17:48 PM[22m [36m[1m[vite][22m[39m [90m[2m(client)[22m[39m [32mhmr update [39m[2m/src/css/style.css[22m
[2m6:26:47 PM[22m [36m[1m[vite][22m[39m [90m[2m(client)[22m[39m [32mhmr update [39m[2m/src/css/style.css[22m
[2m6:29:15 PM[22m [36m[1m[vite][22m[39m [90m[2m(client)[22m[39m [32mhmr update [39m[2m/src/css/style.css[22m
[2m6:29:23 PM[22m [36m[1m[vite][22m[39m [90m[2m(client)[22m[39m [32mhmr update [39m[2m/src/css/style.css[22m
[2m6:29:34 PM[22m [36m[1m[vite][22m[39m [90m[2m(client)[22m[39m [32mhmr update [39m[2m/src/css/style.css[22m
[2m6:38:56 PM[22m [36m[1m[vite][22m[39m [90m[2m(client)[22m[39m [32mhmr update [39m[2m/src/css/style.css[22m
[2m6:45:40 PM[22m [36m[1m[vite][22m[39m [90m[2m(client)[22m[39m [32mhmr update [39m[2m/src/css/style.css[22m
[2m7:00:23 PM[22m [36m[1m[vite][22m[39m [90m[2m(client)[22m[39m [32mhmr update [39m[2m/src/css/style.css[22m
[2m7:00:36 PM[22m [36m[1m[vite][22m[39m [90m[2m(client)[22m[39m [32mhmr update [39m[2m/src/css/style.css[22m
[2m7:21:53 PM[22m [36m[1m[vite][22m[39m [90m[2m(client)[22m[39m [32mhmr update [39m[2m/src/views/dashboard/Dashboard.jsx, /src/views/shop/Products.jsx, /src/views/shop/Purchases.jsx, /src/views/shop/Suppliers.jsx, /src/views/shop/Customers.jsx, /src/views/shop/Payments.jsx, /src/views/shop/InvoiceDetails.jsx, /src/views/shop/Reports.jsx[22m
[2m7:22:37 PM[22m [36m[1m[vite][22m[39m [90m[2m(client)[22m[39m [32mhmr update [39m[2m/src/views/dashboard/Dashboard.jsx, /src/views/shop/Products.jsx, /src/views/shop/Purchases.jsx, /src/views/shop/Suppliers.jsx, /src/views/shop/Customers.jsx, /src/views/shop/Payments.jsx, /src/views/shop/InvoiceDetails.jsx, /src/views/shop/Reports.jsx[22m
[2m7:28:53 PM[22m [36m[1m[vite][22m[39m [90m[2m(client)[22m[39m [32mhmr update [39m[2m/src/components/AppBreadcrumb.jsx, /src/components/AppContent.jsx[22m
[2m7:29:11 PM[22m [36m[1m[vite][22m[39m [90m[2m(client)[22m[39m [32mhmr update [39m[2m/src/components/AppBreadcrumb.jsx, /src/components/AppContent.jsx[22m
[2m7:29:16 PM[22m [36m[1m[vite][22m[39m [90m[2m(client)[22m[39m [32mhmr update [39m[2m/src/components/AppSidebar.jsx[22m
[2m7:29:33 PM[22m [36m[1m[vite][22m[39m [90m[2m(client)[22m[39m [32mhmr update [39m[2m/src/components/AppSidebar.jsx[22m
[2m7:30:31 PM[22m [36m[1m[vite][22m[39m [90m[2m(client)[22m[39m [32mhmr update [39m[2m/src/components/AppHeader.jsx[22m
[2m7:31:24 PM[22m [36m[1m[vite][22m[39m [90m[2m(client)[22m[39m [32mhmr update [39m[2m/src/views/shop/InvoiceDetails.jsx[22m
[2m7:31:36 PM[22m [36m[1m[vite][22m[39m [90m[2m(client)[22m[39m [32mhmr update [39m[2m/src/views/shop/InvoiceDetails.jsx[22m
[2m7:31:45 PM[22m [36m[1m[vite][22m[39m [90m[2m(client)[22m[39m [32mhmr update [39m[2m/src/views/shop/InvoiceDetails.jsx[22m
[2m7:32:10 PM[22m [36m[1m[vite][22m[39m [90m[2m(client)[22m[39m [32mhmr update [39m[2m/src/views/shop/InvoiceDetails.jsx[22m
[2m7:32:30 PM[22m [36m[1m[vite][22m[39m [90m[2m(client)[22m[39m [32mhmr update [39m[2m/src/css/style.css[22m
[2m7:32:55 PM[22m [36m[1m[vite][22m[39m [90m[2m(client)[22m[39m [32mhmr update [39m[2m/src/components/AppSidebar.jsx[22m
[2m7:33:49 PM[22m [36m[1m[vite][22m[39m [90m[2m(client)[22m[39m [32mhmr update [39m[2m/src/components/AppHeader.jsx[22m
[2m7:41:49 PM[22m [36m[1m[vite][22m[39m [90m[2m(client)[22m[39m [32mhmr update [39m[2m/src/views/dashboard/Dashboard.jsx[22m
[2m7:41:50 PM[22m [36m[1m[vite][22m[39m [90m[2m(client)[22m[39m [32mhmr update [39m[2m/src/views/shop/Suppliers.jsx[22m
[2m7:41:50 PM[22m [36m[1m[vite][22m[39m [90m[2m(client)[22m[39m [32mhmr update [39m[2m/src/views/shop/Customers.jsx[22m
[2m7:44:59 PM[22m [36m[1m[vite][22m[39m [90m[2m(client)[22m[39m [32mhmr update [39m[2m/src/views/dashboard/Dashboard.jsx[22m
[2m7:45:11 PM[22m [36m[1m[vite][22m[39m [90m[2m(client)[22m[39m [32mhmr update [39m[2m/src/views/dashboard/Dashboard.jsx[22m
[2m7:45:20 PM[22m [36m[1m[vite][22m[39m [90m[2m(client)[22m[39m [32mhmr update [39m[2m/src/views/dashboard/Dashboard.jsx[22m
[2m7:45:27 PM[22m [36m[1m[vite][22m[39m [90m[2m(client)[22m[39m [32mhmr update [39m[2m/src/views/dashboard/Dashboard.jsx[22m
[2m7:45:31 PM[22m [36m[1m[vite][22m[39m [90m[2m(client)[22m[39m [32mhmr update [39m[2m/src/views/dashboard/Dashboard.jsx[22m
[2m7:45:36 PM[22m [36m[1m[vite][22m[39m [90m[2m(client)[22m[39m [32mhmr update [39m[2m/src/views/dashboard/Dashboard.jsx[22m
[2m7:45:41 PM[22m [36m[1m[vite][22m[39m [90m[2m(client)[22m[39m [32mhmr update [39m[2m/src/views/dashboard/Dashboard.jsx[22m
[2m8:14:16 PM[22m [36m[1m[vite][22m[39m [90m[2m(client)[22m[39m [32mhmr update [39m[2m/src/App.jsx[22m
[2m8:14:31 PM[22m [36m[1m[vite][22m[39m [90m[2m(client)[22m[39m [32mhmr update [39m[2m/src/App.jsx[22m
[2m8:30:53 PM[22m [36m[1m[vite][22m[39m [90m[2m(client)[22m[39m [32mhmr update [39m[2m/src/views/dashboard/Dashboard.jsx, /src/views/shop/Products.jsx, /src/views/shop/Purchases.jsx, /src/views/shop/Suppliers.jsx, /src/views/shop/Customers.jsx, /src/views/shop/Payments.jsx, /src/views/shop/InvoiceDetails.jsx, /src/views/shop/Reports.jsx, /src/views/shop/Sales.jsx, /src/components/AppHeader.jsx, /src/views/shop/Employees.jsx[22m
[2m8:31:02 PM[22m [36m[1m[vite][22m[39m [90m[2m(client)[22m[39m [32mhmr update [39m[2m/src/views/shop/Suppliers.jsx[22m
[2m8:31:06 PM[22m [36m[1m[vite][22m[39m [90m[2m(client)[22m[39m [32mhmr update [39m[2m/src/views/shop/Suppliers.jsx[22m
[2m8:31:18 PM[22m [36m[1m[vite][22m[39m [90m[2m(client)[22m[39m [32mhmr update [39m[2m/src/views/shop/Suppliers.jsx[22m
[2m8:31:58 PM[22m [36m[1m[vite][22m[39m [90m[2m(client)[22m[39m [32mhmr update [39m[2m/src/views/shop/Suppliers.jsx[22m
[2m8:32:12 PM[22m [36m[1m[vite][22m[39m [90m[2m(client)[22m[39m [32mhmr update [39m[2m/src/views/shop/Suppliers.jsx[22m
[2m8:32:56 PM[22m [36m[1m[vite][22m[39m [90m[2m(client)[22m[39m [32mhmr update [39m[2m/src/components/AppFooter.jsx[22m
[2m8:33:03 PM[22m [36m[1m[vite][22m[39m [90m[2m(client)[22m[39m [32mhmr update [39m[2m/src/views/shop/Customers.jsx[22m
[2m8:33:09 PM[22m [36m[1m[vite][22m[39m [90m[2m(client)[22m[39m [32mhmr update [39m[2m/src/views/shop/Customers.jsx[22m
[2m8:33:23 PM[22m [36m[1m[vite][22m[39m [90m[2m(client)[22m[39m [32mhmr update [39m[2m/src/views/shop/Customers.jsx[22m
[2m8:33:33 PM[22m [36m[1m[vite][22m[39m [90m[2m(client)[22m[39m [32mhmr update [39m[2m/src/views/shop/Customers.jsx[22m
[2m8:33:49 PM[22m [36m[1m[vite][22m[39m [90m[2m(client)[22m[39m [32mhmr update [39m[2m/src/views/shop/Customers.jsx[22m
[2m8:38:53 PM[22m [36m[1m[vite][22m[39m [90m[2m(client)[22m[39m [32mhmr update [39m[2m/src/views/dashboard/Dashboard.jsx[22m
[2m8:39:00 PM[22m [36m[1m[vite][22m[39m [90m[2m(client)[22m[39m [32mhmr update [39m[2m/src/views/dashboard/Dashboard.jsx[22m
[2m8:47:04 PM[22m [36m[1m[vite][22m[39m [90m[2m(client)[22m[39m [32mpage reload [39m[2mindex.html[22m
[2m8:47:06 PM[22m [36m[1m[vite][22m[39m [90m[2m(client)[22m[39m [32mpage reload [39m[2mindex.html[22m
